2026-03-14T10:40:08.203+08:00  INFO 16916 --- [blog-backend] [restartedMain] com.blog.BlogApplication                 : Starting BlogApplication using Java 17.0.12 with PID 16916 (D:\workspace-cursor\blog\blog-backend\target\classes started by 一朝风月 in D:\workspace-cursor\blog)
2026-03-14T10:40:08.208+08:00 DEBUG 16916 --- [blog-backend] [restartedMain] com.blog.BlogApplication                 : Running with Spring Boot v3.2.5, Spring v6.1.6
2026-03-14T10:40:08.208+08:00  INFO 16916 --- [blog-backend] [restartedMain] com.blog.BlogApplication                 : The following 1 profile is active: "dev"
2026-03-14T10:40:08.741+08:00  INFO 16916 --- [blog-backend] [restartedMain] .e.DevToolsPropertyDefaultsPostProcessor : Devtools property defaults active! Set 'spring.devtools.add-properties' to 'false' to disable
2026-03-14T10:40:08.742+08:00  INFO 16916 --- [blog-backend] [restartedMain] .e.DevToolsPropertyDefaultsPostProcessor : For additional web related logging consider setting the 'logging.level.web' property to 'DEBUG'
2026-03-14T10:40:23.719+08:00  INFO 16916 --- [blog-backend] [restartedMain] .s.d.r.c.RepositoryConfigurationDelegate : Multiple Spring Data modules found, entering strict repository configuration mode
2026-03-14T10:40:23.743+08:00  INFO 16916 --- [blog-backend] [restartedMain] .s.d.r.c.RepositoryConfigurationDelegate : Bootstrapping Spring Data Elasticsearch repositories in DEFAULT mode.
2026-03-14T10:40:23.867+08:00  INFO 16916 --- [blog-backend] [restartedMain] .s.d.r.c.RepositoryConfigurationDelegate : Finished Spring Data repository scanning in 77 ms. Found 0 Elasticsearch repository interfaces.
2026-03-14T10:40:23.872+08:00  INFO 16916 --- [blog-backend] [restartedMain] .s.d.r.c.RepositoryConfigurationDelegate : Multiple Spring Data modules found, entering strict repository configuration mode
2026-03-14T10:40:23.872+08:00  INFO 16916 --- [blog-backend] [restartedMain] .s.d.r.c.RepositoryConfigurationDelegate : Bootstrapping Spring Data Reactive Elasticsearch repositories in DEFAULT mode.
2026-03-14T10:40:23.877+08:00  INFO 16916 --- [blog-backend] [restartedMain] .s.d.r.c.RepositoryConfigurationDelegate : Finished Spring Data repository scanning in 4 ms. Found 0 Reactive Elasticsearch repository interfaces.
2026-03-14T10:40:24.175+08:00  INFO 16916 --- [blog-backend] [restartedMain] .s.d.r.c.RepositoryConfigurationDelegate : Multiple Spring Data modules found, entering strict repository configuration mode
2026-03-14T10:40:24.186+08:00  INFO 16916 --- [blog-backend] [restartedMain] .s.d.r.c.RepositoryConfigurationDelegate : Bootstrapping Spring Data Redis repositories in DEFAULT mode.
2026-03-14T10:40:24.281+08:00  INFO 16916 --- [blog-backend] [restartedMain] .s.d.r.c.RepositoryConfigurationDelegate : Finished Spring Data repository scanning in 3 ms. Found 0 Redis repository interfaces.
2026-03-14T10:40:36.126+08:00  INFO 16916 --- [blog-backend] [restartedMain] o.s.b.w.embedded.tomcat.TomcatWebServer  : Tomcat initialized with port 8080 (http)
2026-03-14T10:40:36.514+08:00  INFO 16916 --- [blog-backend] [restartedMain] o.apache.catalina.core.StandardService   : Starting service [Tomcat]
2026-03-14T10:40:36.514+08:00  INFO 16916 --- [blog-backend] [restartedMain] o.apache.catalina.core.StandardEngine    : Starting Servlet engine: [Apache Tomcat/10.1.20]
2026-03-14T10:40:37.115+08:00  INFO 16916 --- [blog-backend] [restartedMain] o.a.c.c.C.[Tomcat].[localhost].[/api]    : Initializing Spring embedded WebApplicationContext
2026-03-14T10:40:37.115+08:00  INFO 16916 --- [blog-backend] [restartedMain] w.s.c.ServletWebServerApplicationContext : Root WebApplicationContext: initialization completed in 28373 ms
2026-03-14T10:40:45.747+08:00 DEBUG 16916 --- [blog-backend] [restartedMain] c.b.m.e.s.MybatisSqlSessionFactoryBean   : Parsed mapper file: 'file [D:\workspace-cursor\blog\blog-backend\target\classes\mapper\ArticleMapper.xml]'
2026-03-14T10:40:45.770+08:00 DEBUG 16916 --- [blog-backend] [restartedMain] c.b.m.e.s.MybatisSqlSessionFactoryBean   : Parsed mapper file: 'file [D:\workspace-cursor\blog\blog-backend\target\classes\mapper\CommentMapper.xml]'
2026-03-14T10:40:45.786+08:00 DEBUG 16916 --- [blog-backend] [restartedMain] c.b.m.e.s.MybatisSqlSessionFactoryBean   : Parsed mapper file: 'file [D:\workspace-cursor\blog\blog-backend\target\classes\mapper\PermissionMapper.xml]'
2026-03-14T10:40:45.817+08:00 DEBUG 16916 --- [blog-backend] [restartedMain] c.b.m.e.s.MybatisSqlSessionFactoryBean   : Parsed mapper file: 'file [D:\workspace-cursor\blog\blog-backend\target\classes\mapper\UserMapper.xml]'
2026-03-14T10:40:45.830+08:00 DEBUG 16916 --- [blog-backend] [restartedMain] c.b.m.e.s.MybatisSqlSessionFactoryBean   : Parsed mapper file: 'file [D:\workspace-cursor\blog\blog-backend\target\classes\mapper\UserRoleMapper.xml]'
2026-03-14T10:40:55.901+08:00  INFO 16916 --- [blog-backend] [restartedMain] o.s.b.d.a.OptionalLiveReloadServer       : LiveReload server is running on port 35729
2026-03-14T10:40:57.303+08:00  INFO 16916 --- [blog-backend] [restartedMain] o.s.b.w.embedded.tomcat.TomcatWebServer  : Tomcat started on port 8080 (http) with context path '/api'
2026-03-14T10:40:57.318+08:00  INFO 16916 --- [blog-backend] [restartedMain] com.blog.BlogApplication                 : Started BlogApplication in 54.504 seconds (process running for 82.241)
2026-03-14T10:40:57.449+08:00 DEBUG 16916 --- [blog-backend] [restartedMain] c.b.m.a.DdlApplicationRunner             :   ...  DDL start create  ...  
2026-03-14T10:40:57.473+08:00 DEBUG 16916 --- [blog-backend] [restartedMain] c.b.m.a.DdlApplicationRunner             :   ...  DDL end create  ...  
2026-03-14T10:40:57.999+08:00  INFO 16916 --- [blog-backend] [scheduling-1] com.zaxxer.hikari.HikariDataSource       : HikariPool-1 - Starting...
2026-03-14T10:41:00.190+08:00  INFO 16916 --- [blog-backend] [scheduling-1] com.zaxxer.hikari.pool.HikariPool        : HikariPool-1 - Added connection com.mysql.cj.jdbc.ConnectionImpl@6eef6a0f
2026-03-14T10:41:00.191+08:00  INFO 16916 --- [blog-backend] [scheduling-1] com.zaxxer.hikari.HikariDataSource       : HikariPool-1 - Start completed.
2026-03-14T10:42:21.560+08:00  INFO 16916 --- [blog-backend] [http-nio-8080-exec-2] o.a.c.c.C.[Tomcat].[localhost].[/api]    : Initializing Spring DispatcherServlet 'dispatcherServlet'
2026-03-14T10:42:21.561+08:00  INFO 16916 --- [blog-backend] [http-nio-8080-exec-2] o.s.web.servlet.DispatcherServlet        : Initializing Servlet 'dispatcherServlet'
2026-03-14T10:42:21.563+08:00  INFO 16916 --- [blog-backend] [http-nio-8080-exec-2] o.s.web.servlet.DispatcherServlet        : Completed initialization in 2 ms
2026-03-14T10:42:22.048+08:00 ERROR 16916 --- [blog-backend] [http-nio-8080-exec-2] c.blog.exception.GlobalExceptionHandler  : 系统异常

org.apache.catalina.connector.ClientAbortException: java.io.IOException: 你的主机中的软件中止了一个已建立的连接。
	at org.apache.catalina.connector.OutputBuffer.realWriteBytes(OutputBuffer.java:341) ~[tomcat-embed-core-10.1.20.jar:10.1.20]
	at org.apache.catalina.connector.OutputBuffer.flushByteBuffer(OutputBuffer.java:776) ~[tomcat-embed-core-10.1.20.jar:10.1.20]
	at org.apache.catalina.connector.OutputBuffer.append(OutputBuffer.java:673) ~[tomcat-embed-core-10.1.20.jar:10.1.20]
	at org.apache.catalina.connector.OutputBuffer.writeBytes(OutputBuffer.java:376) ~[tomcat-embed-core-10.1.20.jar:10.1.20]
	at org.apache.catalina.connector.OutputBuffer.write(OutputBuffer.java:354) ~[tomcat-embed-core-10.1.20.jar:10.1.20]
	at org.apache.catalina.connector.CoyoteOutputStream.write(CoyoteOutputStream.java:103) ~[tomcat-embed-core-10.1.20.jar:10.1.20]
	at java.base/java.io.InputStream.transferTo(InputStream.java:783) ~[na:na]
	at org.springframework.http.converter.ResourceHttpMessageConverter.writeContent(ResourceHttpMessageConverter.java:151) ~[spring-web-6.1.6.jar:6.1.6]
	at org.springframework.http.converter.ResourceHttpMessageConverter.writeInternal(ResourceHttpMessageConverter.java:140) ~[spring-web-6.1.6.jar:6.1.6]
	at org.springframework.http.converter.ResourceHttpMessageConverter.writeInternal(ResourceHttpMessageConverter.java:46) ~[spring-web-6.1.6.jar:6.1.6]
	at org.springframework.http.converter.AbstractHttpMessageConverter.write(AbstractHttpMessageConverter.java:235) ~[spring-web-6.1.6.jar:6.1.6]
	at org.springframework.web.servlet.resource.ResourceHttpRequestHandler.handleRequest(ResourceHttpRequestHandler.java:621) ~[spring-webmvc-6.1.6.jar:6.1.6]
	at org.springframework.web.servlet.mvc.HttpRequestHandlerAdapter.handle(HttpRequestHandlerAdapter.java:52) ~[spring-webmvc-6.1.6.jar:6.1.6]
	at org.springframework.web.servlet.DispatcherServlet.doDispatch(DispatcherServlet.java:1089) ~[spring-webmvc-6.1.6.jar:6.1.6]
	at org.springframework.web.servlet.DispatcherServlet.doService(DispatcherServlet.java:979) ~[spring-webmvc-6.1.6.jar:6.1.6]
	at org.springframework.web.servlet.FrameworkServlet.processRequest(FrameworkServlet.java:1014) ~[spring-webmvc-6.1.6.jar:6.1.6]
	at org.springframework.web.servlet.FrameworkServlet.doGet(FrameworkServlet.java:903) ~[spring-webmvc-6.1.6.jar:6.1.6]
	at jakarta.servlet.http.HttpServlet.service(HttpServlet.java:564) ~[tomcat-embed-core-10.1.20.jar:6.0]
	at org.springframework.web.servlet.FrameworkServlet.service(FrameworkServlet.java:885) ~[spring-webmvc-6.1.6.jar:6.1.6]
	at jakarta.servlet.http.HttpServlet.service(HttpServlet.java:658) ~[tomcat-embed-core-10.1.20.jar:6.0]
	at org.apache.catalina.core.ApplicationFilterChain.internalDoFilter(ApplicationFilterChain.java:206) ~[tomcat-embed-core-10.1.20.jar:10.1.20]
	at org.apache.catalina.core.ApplicationFilterChain.doFilter(ApplicationFilterChain.java:150) ~[tomcat-embed-core-10.1.20.jar:10.1.20]
	at org.apache.tomcat.websocket.server.WsFilter.doFilter(WsFilter.java:51) ~[tomcat-embed-websocket-10.1.20.jar:10.1.20]
	at org.apache.catalina.core.ApplicationFilterChain.internalDoFilter(ApplicationFilterChain.java:175) ~[tomcat-embed-core-10.1.20.jar:10.1.20]
	at org.apache.catalina.core.ApplicationFilterChain.doFilter(ApplicationFilterChain.java:150) ~[tomcat-embed-core-10.1.20.jar:10.1.20]
	at org.springframework.web.filter.CorsFilter.doFilterInternal(CorsFilter.java:91) ~[spring-web-6.1.6.jar:6.1.6]
	at org.springframework.web.filter.OncePerRequestFilter.doFilter(OncePerRequestFilter.java:116) ~[spring-web-6.1.6.jar:6.1.6]
	at org.apache.catalina.core.ApplicationFilterChain.internalDoFilter(ApplicationFilterChain.java:175) ~[tomcat-embed-core-10.1.20.jar:10.1.20]
	at org.apache.catalina.core.ApplicationFilterChain.doFilter(ApplicationFilterChain.java:150) ~[tomcat-embed-core-10.1.20.jar:10.1.20]
	at org.springframework.web.filter.RequestContextFilter.doFilterInternal(RequestContextFilter.java:100) ~[spring-web-6.1.6.jar:6.1.6]
	at org.springframework.web.filter.OncePerRequestFilter.doFilter(OncePerRequestFilter.java:116) ~[spring-web-6.1.6.jar:6.1.6]
	at org.apache.catalina.core.ApplicationFilterChain.internalDoFilter(ApplicationFilterChain.java:175) ~[tomcat-embed-core-10.1.20.jar:10.1.20]
	at org.apache.catalina.core.ApplicationFilterChain.doFilter(ApplicationFilterChain.java:150) ~[tomcat-embed-core-10.1.20.jar:10.1.20]
	at cn.dev33.satoken.filter.SaPathCheckFilterForJakartaServlet.doFilter(SaPathCheckFilterForJakartaServlet.java:55) ~[sa-token-spring-boot3-starter-1.37.0.jar:na]
	at org.apache.catalina.core.ApplicationFilterChain.internalDoFilter(ApplicationFilterChain.java:175) ~[tomcat-embed-core-10.1.20.jar:10.1.20]
	at org.apache.catalina.core.ApplicationFilterChain.doFilter(ApplicationFilterChain.java:150) ~[tomcat-embed-core-10.1.20.jar:10.1.20]
	at org.springframework.web.filter.FormContentFilter.doFilterInternal(FormContentFilter.java:93) ~[spring-web-6.1.6.jar:6.1.6]
	at org.springframework.web.filter.OncePerRequestFilter.doFilter(OncePerRequestFilter.java:116) ~[spring-web-6.1.6.jar:6.1.6]
	at org.apache.catalina.core.ApplicationFilterChain.internalDoFilter(ApplicationFilterChain.java:175) ~[tomcat-embed-core-10.1.20.jar:10.1.20]
	at org.apache.catalina.core.ApplicationFilterChain.doFilter(ApplicationFilterChain.java:150) ~[tomcat-embed-core-10.1.20.jar:10.1.20]
	at org.springframework.web.filter.CharacterEncodingFilter.doFilterInternal(CharacterEncodingFilter.java:201) ~[spring-web-6.1.6.jar:6.1.6]
	at org.springframework.web.filter.OncePerRequestFilter.doFilter(OncePerRequestFilter.java:116) ~[spring-web-6.1.6.jar:6.1.6]
	at org.apache.catalina.core.ApplicationFilterChain.internalDoFilter(ApplicationFilterChain.java:175) ~[tomcat-embed-core-10.1.20.jar:10.1.20]
	at org.apache.catalina.core.ApplicationFilterChain.doFilter(ApplicationFilterChain.java:150) ~[tomcat-embed-core-10.1.20.jar:10.1.20]
	at org.apache.catalina.core.StandardWrapperValve.invoke(StandardWrapperValve.java:167) ~[tomcat-embed-core-10.1.20.jar:10.1.20]
	at org.apache.catalina.core.StandardContextValve.invoke(StandardContextValve.java:90) ~[tomcat-embed-core-10.1.20.jar:10.1.20]
	at org.apache.catalina.authenticator.AuthenticatorBase.invoke(AuthenticatorBase.java:482) ~[tomcat-embed-core-10.1.20.jar:10.1.20]
	at org.apache.catalina.core.StandardHostValve.invoke(StandardHostValve.java:115) ~[tomcat-embed-core-10.1.20.jar:10.1.20]
	at org.apache.catalina.valves.ErrorReportValve.invoke(ErrorReportValve.java:93) ~[tomcat-embed-core-10.1.20.jar:10.1.20]
	at org.apache.catalina.core.StandardEngineValve.invoke(StandardEngineValve.java:74) ~[tomcat-embed-core-10.1.20.jar:10.1.20]
	at org.apache.catalina.connector.CoyoteAdapter.service(CoyoteAdapter.java:344) ~[tomcat-embed-core-10.1.20.jar:10.1.20]
	at org.apache.coyote.http11.Http11Processor.service(Http11Processor.java:391) ~[tomcat-embed-core-10.1.20.jar:10.1.20]
	at org.apache.coyote.AbstractProcessorLight.process(AbstractProcessorLight.java:63) ~[tomcat-embed-core-10.1.20.jar:10.1.20]
	at org.apache.coyote.AbstractProtocol$ConnectionHandler.process(AbstractProtocol.java:896) ~[tomcat-embed-core-10.1.20.jar:10.1.20]
	at org.apache.tomcat.util.net.NioEndpoint$SocketProcessor.doRun(NioEndpoint.java:1736) ~[tomcat-embed-core-10.1.20.jar:10.1.20]
	at org.apache.tomcat.util.net.SocketProcessorBase.run(SocketProcessorBase.java:52) ~[tomcat-embed-core-10.1.20.jar:10.1.20]
	at org.apache.tomcat.util.threads.ThreadPoolExecutor.runWorker(ThreadPoolExecutor.java:1191) ~[tomcat-embed-core-10.1.20.jar:10.1.20]
	at org.apache.tomcat.util.threads.ThreadPoolExecutor$Worker.run(ThreadPoolExecutor.java:659) ~[tomcat-embed-core-10.1.20.jar:10.1.20]
	at org.apache.tomcat.util.threads.TaskThread$WrappingRunnable.run(TaskThread.java:63) ~[tomcat-embed-core-10.1.20.jar:10.1.20]
	at java.base/java.lang.Thread.run(Thread.java:842) ~[na:na]
Caused by: java.io.IOException: 你的主机中的软件中止了一个已建立的连接。
	at java.base/sun.nio.ch.SocketDispatcher.write0(Native Method) ~[na:na]
	at java.base/sun.nio.ch.SocketDispatcher.write(SocketDispatcher.java:54) ~[na:na]
	at java.base/sun.nio.ch.IOUtil.writeFromNativeBuffer(IOUtil.java:132) ~[na:na]
	at java.base/sun.nio.ch.IOUtil.write(IOUtil.java:97) ~[na:na]
	at java.base/sun.nio.ch.IOUtil.write(IOUtil.java:53) ~[na:na]
	at java.base/sun.nio.ch.SocketChannelImpl.write(SocketChannelImpl.java:532) ~[na:na]
	at org.apache.tomcat.util.net.NioChannel.write(NioChannel.java:118) ~[tomcat-embed-core-10.1.20.jar:10.1.20]
	at org.apache.tomcat.util.net.NioEndpoint$NioSocketWrapper.doWrite(NioEndpoint.java:1373) ~[tomcat-embed-core-10.1.20.jar:10.1.20]
	at org.apache.tomcat.util.net.SocketWrapperBase.doWrite(SocketWrapperBase.java:764) ~[tomcat-embed-core-10.1.20.jar:10.1.20]
	at org.apache.tomcat.util.net.SocketWrapperBase.writeBlocking(SocketWrapperBase.java:589) ~[tomcat-embed-core-10.1.20.jar:10.1.20]
	at org.apache.tomcat.util.net.SocketWrapperBase.write(SocketWrapperBase.java:533) ~[tomcat-embed-core-10.1.20.jar:10.1.20]
	at org.apache.coyote.http11.Http11OutputBuffer$SocketOutputBuffer.doWrite(Http11OutputBuffer.java:540) ~[tomcat-embed-core-10.1.20.jar:10.1.20]
	at org.apache.coyote.http11.filters.IdentityOutputFilter.doWrite(IdentityOutputFilter.java:73) ~[tomcat-embed-core-10.1.20.jar:10.1.20]
	at org.apache.coyote.http11.Http11OutputBuffer.doWrite(Http11OutputBuffer.java:193) ~[tomcat-embed-core-10.1.20.jar:10.1.20]
	at org.apache.coyote.Response.doWrite(Response.java:618) ~[tomcat-embed-core-10.1.20.jar:10.1.20]
	at org.apache.catalina.connector.OutputBuffer.realWriteBytes(OutputBuffer.java:329) ~[tomcat-embed-core-10.1.20.jar:10.1.20]
	... 59 common frames omitted

2026-03-14T10:42:22.079+08:00  WARN 16916 --- [blog-backend] [http-nio-8080-exec-2] .m.m.a.ExceptionHandlerExceptionResolver : Failure in @ExceptionHandler com.blog.exception.GlobalExceptionHandler#handle(Exception)

org.springframework.http.converter.HttpMessageNotWritableException: No converter for [class com.blog.common.Result] with preset Content-Type 'image/jpeg'
	at org.springframework.web.servlet.mvc.method.annotation.AbstractMessageConverterMethodProcessor.writeWithMessageConverters(AbstractMessageConverterMethodProcessor.java:319) ~[spring-webmvc-6.1.6.jar:6.1.6]
	at org.springframework.web.servlet.mvc.method.annotation.RequestResponseBodyMethodProcessor.handleReturnValue(RequestResponseBodyMethodProcessor.java:192) ~[spring-webmvc-6.1.6.jar:6.1.6]
	at org.springframework.web.method.support.HandlerMethodReturnValueHandlerComposite.handleReturnValue(HandlerMethodReturnValueHandlerComposite.java:78) ~[spring-web-6.1.6.jar:6.1.6]
	at org.springframework.web.servlet.mvc.method.annotation.ServletInvocableHandlerMethod.invokeAndHandle(ServletInvocableHandlerMethod.java:136) ~[spring-webmvc-6.1.6.jar:6.1.6]
	at org.springframework.web.servlet.mvc.method.annotation.ExceptionHandlerExceptionResolver.doResolveHandlerMethodException(ExceptionHandlerExceptionResolver.java:432) ~[spring-webmvc-6.1.6.jar:6.1.6]
	at org.springframework.web.servlet.handler.AbstractHandlerMethodExceptionResolver.doResolveException(AbstractHandlerMethodExceptionResolver.java:74) ~[spring-webmvc-6.1.6.jar:6.1.6]
	at org.springframework.web.servlet.handler.AbstractHandlerExceptionResolver.resolveException(AbstractHandlerExceptionResolver.java:175) ~[spring-webmvc-6.1.6.jar:6.1.6]
	at org.springframework.web.servlet.handler.HandlerExceptionResolverComposite.resolveException(HandlerExceptionResolverComposite.java:80) ~[spring-webmvc-6.1.6.jar:6.1.6]
	at org.springframework.web.servlet.DispatcherServlet.processHandlerException(DispatcherServlet.java:1357) ~[spring-webmvc-6.1.6.jar:6.1.6]
	at org.springframework.web.servlet.DispatcherServlet.processDispatchResult(DispatcherServlet.java:1160) ~[spring-webmvc-6.1.6.jar:6.1.6]
	at org.springframework.web.servlet.DispatcherServlet.doDispatch(DispatcherServlet.java:1106) ~[spring-webmvc-6.1.6.jar:6.1.6]
	at org.springframework.web.servlet.DispatcherServlet.doService(DispatcherServlet.java:979) ~[spring-webmvc-6.1.6.jar:6.1.6]
	at org.springframework.web.servlet.FrameworkServlet.processRequest(FrameworkServlet.java:1014) ~[spring-webmvc-6.1.6.jar:6.1.6]
	at org.springframework.web.servlet.FrameworkServlet.doGet(FrameworkServlet.java:903) ~[spring-webmvc-6.1.6.jar:6.1.6]
	at jakarta.servlet.http.HttpServlet.service(HttpServlet.java:564) ~[tomcat-embed-core-10.1.20.jar:6.0]
	at org.springframework.web.servlet.FrameworkServlet.service(FrameworkServlet.java:885) ~[spring-webmvc-6.1.6.jar:6.1.6]
	at jakarta.servlet.http.HttpServlet.service(HttpServlet.java:658) ~[tomcat-embed-core-10.1.20.jar:6.0]
	at org.apache.catalina.core.ApplicationFilterChain.internalDoFilter(ApplicationFilterChain.java:206) ~[tomcat-embed-core-10.1.20.jar:10.1.20]
	at org.apache.catalina.core.ApplicationFilterChain.doFilter(ApplicationFilterChain.java:150) ~[tomcat-embed-core-10.1.20.jar:10.1.20]
	at org.apache.tomcat.websocket.server.WsFilter.doFilter(WsFilter.java:51) ~[tomcat-embed-websocket-10.1.20.jar:10.1.20]
	at org.apache.catalina.core.ApplicationFilterChain.internalDoFilter(ApplicationFilterChain.java:175) ~[tomcat-embed-core-10.1.20.jar:10.1.20]
	at org.apache.catalina.core.ApplicationFilterChain.doFilter(ApplicationFilterChain.java:150) ~[tomcat-embed-core-10.1.20.jar:10.1.20]
	at org.springframework.web.filter.CorsFilter.doFilterInternal(CorsFilter.java:91) ~[spring-web-6.1.6.jar:6.1.6]
	at org.springframework.web.filter.OncePerRequestFilter.doFilter(OncePerRequestFilter.java:116) ~[spring-web-6.1.6.jar:6.1.6]
	at org.apache.catalina.core.ApplicationFilterChain.internalDoFilter(ApplicationFilterChain.java:175) ~[tomcat-embed-core-10.1.20.jar:10.1.20]
	at org.apache.catalina.core.ApplicationFilterChain.doFilter(ApplicationFilterChain.java:150) ~[tomcat-embed-core-10.1.20.jar:10.1.20]
	at org.springframework.web.filter.RequestContextFilter.doFilterInternal(RequestContextFilter.java:100) ~[spring-web-6.1.6.jar:6.1.6]
	at org.springframework.web.filter.OncePerRequestFilter.doFilter(OncePerRequestFilter.java:116) ~[spring-web-6.1.6.jar:6.1.6]
	at org.apache.catalina.core.ApplicationFilterChain.internalDoFilter(ApplicationFilterChain.java:175) ~[tomcat-embed-core-10.1.20.jar:10.1.20]
	at org.apache.catalina.core.ApplicationFilterChain.doFilter(ApplicationFilterChain.java:150) ~[tomcat-embed-core-10.1.20.jar:10.1.20]
	at cn.dev33.satoken.filter.SaPathCheckFilterForJakartaServlet.doFilter(SaPathCheckFilterForJakartaServlet.java:55) ~[sa-token-spring-boot3-starter-1.37.0.jar:na]
	at org.apache.catalina.core.ApplicationFilterChain.internalDoFilter(ApplicationFilterChain.java:175) ~[tomcat-embed-core-10.1.20.jar:10.1.20]
	at org.apache.catalina.core.ApplicationFilterChain.doFilter(ApplicationFilterChain.java:150) ~[tomcat-embed-core-10.1.20.jar:10.1.20]
	at org.springframework.web.filter.FormContentFilter.doFilterInternal(FormContentFilter.java:93) ~[spring-web-6.1.6.jar:6.1.6]
	at org.springframework.web.filter.OncePerRequestFilter.doFilter(OncePerRequestFilter.java:116) ~[spring-web-6.1.6.jar:6.1.6]
	at org.apache.catalina.core.ApplicationFilterChain.internalDoFilter(ApplicationFilterChain.java:175) ~[tomcat-embed-core-10.1.20.jar:10.1.20]
	at org.apache.catalina.core.ApplicationFilterChain.doFilter(ApplicationFilterChain.java:150) ~[tomcat-embed-core-10.1.20.jar:10.1.20]
	at org.springframework.web.filter.CharacterEncodingFilter.doFilterInternal(CharacterEncodingFilter.java:201) ~[spring-web-6.1.6.jar:6.1.6]
	at org.springframework.web.filter.OncePerRequestFilter.doFilter(OncePerRequestFilter.java:116) ~[spring-web-6.1.6.jar:6.1.6]
	at org.apache.catalina.core.ApplicationFilterChain.internalDoFilter(ApplicationFilterChain.java:175) ~[tomcat-embed-core-10.1.20.jar:10.1.20]
	at org.apache.catalina.core.ApplicationFilterChain.doFilter(ApplicationFilterChain.java:150) ~[tomcat-embed-core-10.1.20.jar:10.1.20]
	at org.apache.catalina.core.StandardWrapperValve.invoke(StandardWrapperValve.java:167) ~[tomcat-embed-core-10.1.20.jar:10.1.20]
	at org.apache.catalina.core.StandardContextValve.invoke(StandardContextValve.java:90) ~[tomcat-embed-core-10.1.20.jar:10.1.20]
	at org.apache.catalina.authenticator.AuthenticatorBase.invoke(AuthenticatorBase.java:482) ~[tomcat-embed-core-10.1.20.jar:10.1.20]
	at org.apache.catalina.core.StandardHostValve.invoke(StandardHostValve.java:115) ~[tomcat-embed-core-10.1.20.jar:10.1.20]
	at org.apache.catalina.valves.ErrorReportValve.invoke(ErrorReportValve.java:93) ~[tomcat-embed-core-10.1.20.jar:10.1.20]
	at org.apache.catalina.core.StandardEngineValve.invoke(StandardEngineValve.java:74) ~[tomcat-embed-core-10.1.20.jar:10.1.20]
	at org.apache.catalina.connector.CoyoteAdapter.service(CoyoteAdapter.java:344) ~[tomcat-embed-core-10.1.20.jar:10.1.20]
	at org.apache.coyote.http11.Http11Processor.service(Http11Processor.java:391) ~[tomcat-embed-core-10.1.20.jar:10.1.20]
	at org.apache.coyote.AbstractProcessorLight.process(AbstractProcessorLight.java:63) ~[tomcat-embed-core-10.1.20.jar:10.1.20]
	at org.apache.coyote.AbstractProtocol$ConnectionHandler.process(AbstractProtocol.java:896) ~[tomcat-embed-core-10.1.20.jar:10.1.20]
	at org.apache.tomcat.util.net.NioEndpoint$SocketProcessor.doRun(NioEndpoint.java:1736) ~[tomcat-embed-core-10.1.20.jar:10.1.20]
	at org.apache.tomcat.util.net.SocketProcessorBase.run(SocketProcessorBase.java:52) ~[tomcat-embed-core-10.1.20.jar:10.1.20]
	at org.apache.tomcat.util.threads.ThreadPoolExecutor.runWorker(ThreadPoolExecutor.java:1191) ~[tomcat-embed-core-10.1.20.jar:10.1.20]
	at org.apache.tomcat.util.threads.ThreadPoolExecutor$Worker.run(ThreadPoolExecutor.java:659) ~[tomcat-embed-core-10.1.20.jar:10.1.20]
	at org.apache.tomcat.util.threads.TaskThread$WrappingRunnable.run(TaskThread.java:63) ~[tomcat-embed-core-10.1.20.jar:10.1.20]
	at java.base/java.lang.Thread.run(Thread.java:842) ~[na:na]

2026-03-14T11:00:08.774+08:00  INFO 16916 --- [blog-backend] [File Watcher] rtingClassPathChangeChangedEventListener : Restarting due to 1 class path change (0 additions, 0 deletions, 1 modification)
2026-03-14T11:00:08.982+08:00  INFO 16916 --- [blog-backend] [Thread-4] com.zaxxer.hikari.HikariDataSource       : HikariPool-1 - Shutdown initiated...
2026-03-14T11:00:09.002+08:00  INFO 16916 --- [blog-backend] [Thread-4] com.zaxxer.hikari.HikariDataSource       : HikariPool-1 - Shutdown completed.
2026-03-14T11:00:09.429+08:00  INFO 16916 --- [blog-backend] [restartedMain] com.blog.BlogApplication                 : Starting BlogApplication using Java 17.0.12 with PID 16916 (D:\workspace-cursor\blog\blog-backend\target\classes started by 一朝风月 in D:\workspace-cursor\blog)
2026-03-14T11:00:09.430+08:00 DEBUG 16916 --- [blog-backend] [restartedMain] com.blog.BlogApplication                 : Running with Spring Boot v3.2.5, Spring v6.1.6
2026-03-14T11:00:09.430+08:00  INFO 16916 --- [blog-backend] [restartedMain] com.blog.BlogApplication                 : The following 1 profile is active: "dev"
2026-03-14T11:00:11.831+08:00  INFO 16916 --- [blog-backend] [restartedMain] .s.d.r.c.RepositoryConfigurationDelegate : Multiple Spring Data modules found, entering strict repository configuration mode
2026-03-14T11:00:11.831+08:00  INFO 16916 --- [blog-backend] [restartedMain] .s.d.r.c.RepositoryConfigurationDelegate : Bootstrapping Spring Data Elasticsearch repositories in DEFAULT mode.
2026-03-14T11:00:11.834+08:00  INFO 16916 --- [blog-backend] [restartedMain] .s.d.r.c.RepositoryConfigurationDelegate : Finished Spring Data repository scanning in 3 ms. Found 0 Elasticsearch repository interfaces.
2026-03-14T11:00:11.834+08:00  INFO 16916 --- [blog-backend] [restartedMain] .s.d.r.c.RepositoryConfigurationDelegate : Multiple Spring Data modules found, entering strict repository configuration mode
2026-03-14T11:00:11.835+08:00  INFO 16916 --- [blog-backend] [restartedMain] .s.d.r.c.RepositoryConfigurationDelegate : Bootstrapping Spring Data Reactive Elasticsearch repositories in DEFAULT mode.
2026-03-14T11:00:11.836+08:00  INFO 16916 --- [blog-backend] [restartedMain] .s.d.r.c.RepositoryConfigurationDelegate : Finished Spring Data repository scanning in 1 ms. Found 0 Reactive Elasticsearch repository interfaces.
2026-03-14T11:00:11.838+08:00  INFO 16916 --- [blog-backend] [restartedMain] .s.d.r.c.RepositoryConfigurationDelegate : Multiple Spring Data modules found, entering strict repository configuration mode
2026-03-14T11:00:11.838+08:00  INFO 16916 --- [blog-backend] [restartedMain] .s.d.r.c.RepositoryConfigurationDelegate : Bootstrapping Spring Data Redis repositories in DEFAULT mode.
2026-03-14T11:00:11.839+08:00  INFO 16916 --- [blog-backend] [restartedMain] .s.d.r.c.RepositoryConfigurationDelegate : Finished Spring Data repository scanning in 1 ms. Found 0 Redis repository interfaces.
2026-03-14T11:00:11.964+08:00  INFO 16916 --- [blog-backend] [restartedMain] o.s.b.w.embedded.tomcat.TomcatWebServer  : Tomcat initialized with port 8080 (http)
2026-03-14T11:00:11.965+08:00  INFO 16916 --- [blog-backend] [restartedMain] o.apache.catalina.core.StandardService   : Starting service [Tomcat]
2026-03-14T11:00:11.965+08:00  INFO 16916 --- [blog-backend] [restartedMain] o.apache.catalina.core.StandardEngine    : Starting Servlet engine: [Apache Tomcat/10.1.20]
2026-03-14T11:00:12.110+08:00  INFO 16916 --- [blog-backend] [restartedMain] o.a.c.c.C.[Tomcat].[localhost].[/api]    : Initializing Spring embedded WebApplicationContext
2026-03-14T11:00:12.110+08:00  INFO 16916 --- [blog-backend] [restartedMain] w.s.c.ServletWebServerApplicationContext : Root WebApplicationContext: initialization completed in 2679 ms
2026-03-14T11:00:12.164+08:00 DEBUG 16916 --- [blog-backend] [restartedMain] c.b.m.e.s.MybatisSqlSessionFactoryBean   : Parsed mapper file: 'file [D:\workspace-cursor\blog\blog-backend\target\classes\mapper\ArticleMapper.xml]'
2026-03-14T11:00:12.192+08:00 DEBUG 16916 --- [blog-backend] [restartedMain] c.b.m.e.s.MybatisSqlSessionFactoryBean   : Parsed mapper file: 'file [D:\workspace-cursor\blog\blog-backend\target\classes\mapper\CommentMapper.xml]'
2026-03-14T11:00:12.206+08:00 DEBUG 16916 --- [blog-backend] [restartedMain] c.b.m.e.s.MybatisSqlSessionFactoryBean   : Parsed mapper file: 'file [D:\workspace-cursor\blog\blog-backend\target\classes\mapper\PermissionMapper.xml]'
2026-03-14T11:00:12.213+08:00 DEBUG 16916 --- [blog-backend] [restartedMain] c.b.m.e.s.MybatisSqlSessionFactoryBean   : Parsed mapper file: 'file [D:\workspace-cursor\blog\blog-backend\target\classes\mapper\UserMapper.xml]'
2026-03-14T11:00:12.219+08:00 DEBUG 16916 --- [blog-backend] [restartedMain] c.b.m.e.s.MybatisSqlSessionFactoryBean   : Parsed mapper file: 'file [D:\workspace-cursor\blog\blog-backend\target\classes\mapper\UserRoleMapper.xml]'
2026-03-14T11:00:12.542+08:00  INFO 16916 --- [blog-backend] [restartedMain] o.s.b.d.a.OptionalLiveReloadServer       : LiveReload server is running on port 35729
2026-03-14T11:00:12.608+08:00  INFO 16916 --- [blog-backend] [restartedMain] o.s.b.w.embedded.tomcat.TomcatWebServer  : Tomcat started on port 8080 (http) with context path '/api'
2026-03-14T11:00:12.611+08:00  INFO 16916 --- [blog-backend] [restartedMain] com.blog.BlogApplication                 : Started BlogApplication in 3.292 seconds (process running for 1237.534)
2026-03-14T11:00:12.611+08:00  INFO 16916 --- [blog-backend] [scheduling-1] com.zaxxer.hikari.HikariDataSource       : HikariPool-2 - Starting...
2026-03-14T11:00:12.612+08:00 DEBUG 16916 --- [blog-backend] [restartedMain] c.b.m.a.DdlApplicationRunner             :   ...  DDL start create  ...  
2026-03-14T11:00:12.612+08:00 DEBUG 16916 --- [blog-backend] [restartedMain] c.b.m.a.DdlApplicationRunner             :   ...  DDL end create  ...  
2026-03-14T11:00:12.613+08:00  INFO 16916 --- [blog-backend] [restartedMain] .ConditionEvaluationDeltaLoggingListener : Condition evaluation unchanged
2026-03-14T11:00:12.614+08:00  INFO 16916 --- [blog-backend] [scheduling-1] com.zaxxer.hikari.pool.HikariPool        : HikariPool-2 - Added connection com.mysql.cj.jdbc.ConnectionImpl@3eee4e15
2026-03-14T11:00:12.614+08:00  INFO 16916 --- [blog-backend] [scheduling-1] com.zaxxer.hikari.HikariDataSource       : HikariPool-2 - Start completed.
2026-03-14T11:00:27.205+08:00  INFO 16916 --- [blog-backend] [SpringApplicationShutdownHook] com.zaxxer.hikari.HikariDataSource       : HikariPool-2 - Shutdown initiated...
2026-03-14T11:00:27.206+08:00  INFO 16916 --- [blog-backend] [SpringApplicationShutdownHook] com.zaxxer.hikari.HikariDataSource       : HikariPool-2 - Shutdown completed.
2026-03-14T11:00:29.914+08:00  INFO 13592 --- [blog-backend] [restartedMain] com.blog.BlogApplication                 : Starting BlogApplication using Java 17.0.12 with PID 13592 (D:\workspace-cursor\blog\blog-backend\target\classes started by 一朝风月 in D:\workspace-cursor\blog)
2026-03-14T11:00:29.915+08:00 DEBUG 13592 --- [blog-backend] [restartedMain] com.blog.BlogApplication                 : Running with Spring Boot v3.2.5, Spring v6.1.6
2026-03-14T11:00:29.916+08:00  INFO 13592 --- [blog-backend] [restartedMain] com.blog.BlogApplication                 : The following 1 profile is active: "dev"
2026-03-14T11:00:29.946+08:00  INFO 13592 --- [blog-backend] [restartedMain] .e.DevToolsPropertyDefaultsPostProcessor : Devtools property defaults active! Set 'spring.devtools.add-properties' to 'false' to disable
2026-03-14T11:00:29.946+08:00  INFO 13592 --- [blog-backend] [restartedMain] .e.DevToolsPropertyDefaultsPostProcessor : For additional web related logging consider setting the 'logging.level.web' property to 'DEBUG'
2026-03-14T11:00:30.816+08:00  INFO 13592 --- [blog-backend] [restartedMain] .s.d.r.c.RepositoryConfigurationDelegate : Multiple Spring Data modules found, entering strict repository configuration mode
2026-03-14T11:00:30.817+08:00  INFO 13592 --- [blog-backend] [restartedMain] .s.d.r.c.RepositoryConfigurationDelegate : Bootstrapping Spring Data Elasticsearch repositories in DEFAULT mode.
2026-03-14T11:00:30.830+08:00  INFO 13592 --- [blog-backend] [restartedMain] .s.d.r.c.RepositoryConfigurationDelegate : Finished Spring Data repository scanning in 11 ms. Found 0 Elasticsearch repository interfaces.
2026-03-14T11:00:30.833+08:00  INFO 13592 --- [blog-backend] [restartedMain] .s.d.r.c.RepositoryConfigurationDelegate : Multiple Spring Data modules found, entering strict repository configuration mode
2026-03-14T11:00:30.834+08:00  INFO 13592 --- [blog-backend] [restartedMain] .s.d.r.c.RepositoryConfigurationDelegate : Bootstrapping Spring Data Reactive Elasticsearch repositories in DEFAULT mode.
2026-03-14T11:00:30.836+08:00  INFO 13592 --- [blog-backend] [restartedMain] .s.d.r.c.RepositoryConfigurationDelegate : Finished Spring Data repository scanning in 2 ms. Found 0 Reactive Elasticsearch repository interfaces.
2026-03-14T11:00:30.842+08:00  INFO 13592 --- [blog-backend] [restartedMain] .s.d.r.c.RepositoryConfigurationDelegate : Multiple Spring Data modules found, entering strict repository configuration mode
2026-03-14T11:00:30.843+08:00  INFO 13592 --- [blog-backend] [restartedMain] .s.d.r.c.RepositoryConfigurationDelegate : Bootstrapping Spring Data Redis repositories in DEFAULT mode.
2026-03-14T11:00:30.849+08:00  INFO 13592 --- [blog-backend] [restartedMain] .s.d.r.c.RepositoryConfigurationDelegate : Finished Spring Data repository scanning in 1 ms. Found 0 Redis repository interfaces.
2026-03-14T11:00:31.943+08:00  INFO 13592 --- [blog-backend] [restartedMain] o.s.b.w.embedded.tomcat.TomcatWebServer  : Tomcat initialized with port 8080 (http)
2026-03-14T11:00:31.952+08:00  INFO 13592 --- [blog-backend] [restartedMain] o.apache.catalina.core.StandardService   : Starting service [Tomcat]
2026-03-14T11:00:31.952+08:00  INFO 13592 --- [blog-backend] [restartedMain] o.apache.catalina.core.StandardEngine    : Starting Servlet engine: [Apache Tomcat/10.1.20]
2026-03-14T11:00:32.001+08:00  INFO 13592 --- [blog-backend] [restartedMain] o.a.c.c.C.[Tomcat].[localhost].[/api]    : Initializing Spring embedded WebApplicationContext
2026-03-14T11:00:32.002+08:00  INFO 13592 --- [blog-backend] [restartedMain] w.s.c.ServletWebServerApplicationContext : Root WebApplicationContext: initialization completed in 2056 ms
2026-03-14T11:00:32.469+08:00 DEBUG 13592 --- [blog-backend] [restartedMain] c.b.m.e.s.MybatisSqlSessionFactoryBean   : Parsed mapper file: 'file [D:\workspace-cursor\blog\blog-backend\target\classes\mapper\ArticleMapper.xml]'
2026-03-14T11:00:32.490+08:00 DEBUG 13592 --- [blog-backend] [restartedMain] c.b.m.e.s.MybatisSqlSessionFactoryBean   : Parsed mapper file: 'file [D:\workspace-cursor\blog\blog-backend\target\classes\mapper\CommentMapper.xml]'
2026-03-14T11:00:32.503+08:00 DEBUG 13592 --- [blog-backend] [restartedMain] c.b.m.e.s.MybatisSqlSessionFactoryBean   : Parsed mapper file: 'file [D:\workspace-cursor\blog\blog-backend\target\classes\mapper\PermissionMapper.xml]'
2026-03-14T11:00:32.513+08:00 DEBUG 13592 --- [blog-backend] [restartedMain] c.b.m.e.s.MybatisSqlSessionFactoryBean   : Parsed mapper file: 'file [D:\workspace-cursor\blog\blog-backend\target\classes\mapper\UserMapper.xml]'
2026-03-14T11:00:32.521+08:00 DEBUG 13592 --- [blog-backend] [restartedMain] c.b.m.e.s.MybatisSqlSessionFactoryBean   : Parsed mapper file: 'file [D:\workspace-cursor\blog\blog-backend\target\classes\mapper\UserRoleMapper.xml]'
2026-03-14T11:00:33.479+08:00  INFO 13592 --- [blog-backend] [restartedMain] o.s.b.d.a.OptionalLiveReloadServer       : LiveReload server is running on port 35729
2026-03-14T11:00:33.623+08:00  INFO 13592 --- [blog-backend] [restartedMain] o.s.b.w.embedded.tomcat.TomcatWebServer  : Tomcat started on port 8080 (http) with context path '/api'
2026-03-14T11:00:33.640+08:00  INFO 13592 --- [blog-backend] [restartedMain] com.blog.BlogApplication                 : Started BlogApplication in 4.084 seconds (process running for 4.685)
2026-03-14T11:00:33.644+08:00 DEBUG 13592 --- [blog-backend] [restartedMain] c.b.m.a.DdlApplicationRunner             :   ...  DDL start create  ...  
2026-03-14T11:00:33.644+08:00 DEBUG 13592 --- [blog-backend] [restartedMain] c.b.m.a.DdlApplicationRunner             :   ...  DDL end create  ...  
2026-03-14T11:00:33.727+08:00  INFO 13592 --- [blog-backend] [scheduling-1] com.zaxxer.hikari.HikariDataSource       : HikariPool-1 - Starting...
2026-03-14T11:00:34.959+08:00 ERROR 13592 --- [blog-backend] [scheduling-1] com.zaxxer.hikari.pool.HikariPool        : HikariPool-1 - Exception during pool initialization.

java.sql.SQLException: Access denied for user 'root'@'localhost' (using password: YES)
	at com.mysql.cj.jdbc.exceptions.SQLError.createSQLException(SQLError.java:130) ~[mysql-connector-j-8.3.0.jar:8.3.0]
	at com.mysql.cj.jdbc.exceptions.SQLExceptionsMapping.translateException(SQLExceptionsMapping.java:122) ~[mysql-connector-j-8.3.0.jar:8.3.0]
	at com.mysql.cj.jdbc.ConnectionImpl.createNewIO(ConnectionImpl.java:815) ~[mysql-connector-j-8.3.0.jar:8.3.0]
	at com.mysql.cj.jdbc.ConnectionImpl.<init>(ConnectionImpl.java:438) ~[mysql-connector-j-8.3.0.jar:8.3.0]
	at com.mysql.cj.jdbc.ConnectionImpl.getInstance(ConnectionImpl.java:241) ~[mysql-connector-j-8.3.0.jar:8.3.0]
	at com.mysql.cj.jdbc.NonRegisteringDriver.connect(NonRegisteringDriver.java:189) ~[mysql-connector-j-8.3.0.jar:8.3.0]
	at com.zaxxer.hikari.util.DriverDataSource.getConnection(DriverDataSource.java:138) ~[HikariCP-5.0.1.jar:na]
	at com.zaxxer.hikari.pool.PoolBase.newConnection(PoolBase.java:359) ~[HikariCP-5.0.1.jar:na]
	at com.zaxxer.hikari.pool.PoolBase.newPoolEntry(PoolBase.java:201) ~[HikariCP-5.0.1.jar:na]
	at com.zaxxer.hikari.pool.HikariPool.createPoolEntry(HikariPool.java:470) ~[HikariCP-5.0.1.jar:na]
	at com.zaxxer.hikari.pool.HikariPool.checkFailFast(HikariPool.java:561) ~[HikariCP-5.0.1.jar:na]
	at com.zaxxer.hikari.pool.HikariPool.<init>(HikariPool.java:100) ~[HikariCP-5.0.1.jar:na]
	at com.zaxxer.hikari.HikariDataSource.getConnection(HikariDataSource.java:112) ~[HikariCP-5.0.1.jar:na]
	at org.springframework.jdbc.datasource.DataSourceUtils.fetchConnection(DataSourceUtils.java:160) ~[spring-jdbc-6.1.6.jar:6.1.6]
	at org.springframework.jdbc.datasource.DataSourceUtils.doGetConnection(DataSourceUtils.java:118) ~[spring-jdbc-6.1.6.jar:6.1.6]
	at org.springframework.jdbc.datasource.DataSourceUtils.getConnection(DataSourceUtils.java:81) ~[spring-jdbc-6.1.6.jar:6.1.6]
	at org.mybatis.spring.transaction.SpringManagedTransaction.openConnection(SpringManagedTransaction.java:80) ~[mybatis-spring-3.0.3.jar:3.0.3]
	at org.mybatis.spring.transaction.SpringManagedTransaction.getConnection(SpringManagedTransaction.java:67) ~[mybatis-spring-3.0.3.jar:3.0.3]
	at org.apache.ibatis.executor.BaseExecutor.getConnection(BaseExecutor.java:348) ~[mybatis-3.5.15.jar:3.5.15]
	at org.apache.ibatis.executor.SimpleExecutor.prepareStatement(SimpleExecutor.java:89) ~[mybatis-3.5.15.jar:3.5.15]
	at org.apache.ibatis.executor.SimpleExecutor.doQuery(SimpleExecutor.java:64) ~[mybatis-3.5.15.jar:3.5.15]
	at org.apache.ibatis.executor.BaseExecutor.queryFromDatabase(BaseExecutor.java:336) ~[mybatis-3.5.15.jar:3.5.15]
	at org.apache.ibatis.executor.BaseExecutor.query(BaseExecutor.java:158) ~[mybatis-3.5.15.jar:3.5.15]
	at org.apache.ibatis.executor.CachingExecutor.query(CachingExecutor.java:110) ~[mybatis-3.5.15.jar:3.5.15]
	at org.apache.ibatis.executor.CachingExecutor.query(CachingExecutor.java:90) ~[mybatis-3.5.15.jar:3.5.15]
	at org.apache.ibatis.session.defaults.DefaultSqlSession.selectList(DefaultSqlSession.java:154) ~[mybatis-3.5.15.jar:3.5.15]
	at org.apache.ibatis.session.defaults.DefaultSqlSession.selectList(DefaultSqlSession.java:147) ~[mybatis-3.5.15.jar:3.5.15]
	at org.apache.ibatis.session.defaults.DefaultSqlSession.selectList(DefaultSqlSession.java:142) ~[mybatis-3.5.15.jar:3.5.15]
	at java.base/jdk.internal.reflect.NativeMethodAccessorImpl.invoke0(Native Method) ~[na:na]
	at java.base/jdk.internal.reflect.NativeMethodAccessorImpl.invoke(NativeMethodAccessorImpl.java:77) ~[na:na]
	at java.base/jdk.internal.reflect.DelegatingMethodAccessorImpl.invoke(DelegatingMethodAccessorImpl.java:43) ~[na:na]
	at java.base/java.lang.reflect.Method.invoke(Method.java:568) ~[na:na]
	at org.mybatis.spring.SqlSessionTemplate$SqlSessionInterceptor.invoke(SqlSessionTemplate.java:425) ~[mybatis-spring-3.0.3.jar:3.0.3]
	at jdk.proxy2/jdk.proxy2.$Proxy97.selectList(Unknown Source) ~[na:na]
	at org.mybatis.spring.SqlSessionTemplate.selectList(SqlSessionTemplate.java:224) ~[mybatis-spring-3.0.3.jar:3.0.3]
	at com.baomidou.mybatisplus.core.override.MybatisMapperMethod.executeForMany(MybatisMapperMethod.java:164) ~[mybatis-plus-core-3.5.5.jar:3.5.5]
	at com.baomidou.mybatisplus.core.override.MybatisMapperMethod.execute(MybatisMapperMethod.java:77) ~[mybatis-plus-core-3.5.5.jar:3.5.5]
	at com.baomidou.mybatisplus.core.override.MybatisMapperProxy$PlainMethodInvoker.invoke(MybatisMapperProxy.java:152) ~[mybatis-plus-core-3.5.5.jar:3.5.5]
	at com.baomidou.mybatisplus.core.override.MybatisMapperProxy.invoke(MybatisMapperProxy.java:89) ~[mybatis-plus-core-3.5.5.jar:3.5.5]
	at jdk.proxy3/jdk.proxy3.$Proxy115.selectList(Unknown Source) ~[na:na]
	at com.blog.task.WalletRankSyncTask.syncCoinRankFromDb(WalletRankSyncTask.java:40) ~[classes/:na]
	at java.base/jdk.internal.reflect.NativeMethodAccessorImpl.invoke0(Native Method) ~[na:na]
	at java.base/jdk.internal.reflect.NativeMethodAccessorImpl.invoke(NativeMethodAccessorImpl.java:77) ~[na:na]
	at java.base/jdk.internal.reflect.DelegatingMethodAccessorImpl.invoke(DelegatingMethodAccessorImpl.java:43) ~[na:na]
	at java.base/java.lang.reflect.Method.invoke(Method.java:568) ~[na:na]
	at org.springframework.scheduling.support.ScheduledMethodRunnable.runInternal(ScheduledMethodRunnable.java:130) ~[spring-context-6.1.6.jar:6.1.6]
	at org.springframework.scheduling.support.ScheduledMethodRunnable.lambda$run$2(ScheduledMethodRunnable.java:124) ~[spring-context-6.1.6.jar:6.1.6]
	at io.micrometer.observation.Observation.observe(Observation.java:499) ~[micrometer-observation-1.12.5.jar:1.12.5]
	at org.springframework.scheduling.support.ScheduledMethodRunnable.run(ScheduledMethodRunnable.java:124) ~[spring-context-6.1.6.jar:6.1.6]
	at org.springframework.scheduling.support.DelegatingErrorHandlingRunnable.run(DelegatingErrorHandlingRunnable.java:54) ~[spring-context-6.1.6.jar:6.1.6]
	at java.base/java.util.concurrent.Executors$RunnableAdapter.call(Executors.java:539) ~[na:na]
	at java.base/java.util.concurrent.FutureTask.runAndReset(FutureTask.java:305) ~[na:na]
	at java.base/java.util.concurrent.ScheduledThreadPoolExecutor$ScheduledFutureTask.run(ScheduledThreadPoolExecutor.java:305) ~[na:na]
	at java.base/java.util.concurrent.ThreadPoolExecutor.runWorker(ThreadPoolExecutor.java:1136) ~[na:na]
	at java.base/java.util.concurrent.ThreadPoolExecutor$Worker.run(ThreadPoolExecutor.java:635) ~[na:na]
	at java.base/java.lang.Thread.run(Thread.java:842) ~[na:na]

2026-03-14T11:00:34.964+08:00  WARN 13592 --- [blog-backend] [scheduling-1] com.blog.task.WalletRankSyncTask         : 同步风月币排行榜失败: null
2026-03-14T11:05:34.969+08:00  INFO 13592 --- [blog-backend] [scheduling-1] com.zaxxer.hikari.HikariDataSource       : HikariPool-1 - Starting...
2026-03-14T11:05:35.981+08:00 ERROR 13592 --- [blog-backend] [scheduling-1] com.zaxxer.hikari.pool.HikariPool        : HikariPool-1 - Exception during pool initialization.

java.sql.SQLException: Access denied for user 'root'@'localhost' (using password: YES)
	at com.mysql.cj.jdbc.exceptions.SQLError.createSQLException(SQLError.java:130) ~[mysql-connector-j-8.3.0.jar:8.3.0]
	at com.mysql.cj.jdbc.exceptions.SQLExceptionsMapping.translateException(SQLExceptionsMapping.java:122) ~[mysql-connector-j-8.3.0.jar:8.3.0]
	at com.mysql.cj.jdbc.ConnectionImpl.createNewIO(ConnectionImpl.java:815) ~[mysql-connector-j-8.3.0.jar:8.3.0]
	at com.mysql.cj.jdbc.ConnectionImpl.<init>(ConnectionImpl.java:438) ~[mysql-connector-j-8.3.0.jar:8.3.0]
	at com.mysql.cj.jdbc.ConnectionImpl.getInstance(ConnectionImpl.java:241) ~[mysql-connector-j-8.3.0.jar:8.3.0]
	at com.mysql.cj.jdbc.NonRegisteringDriver.connect(NonRegisteringDriver.java:189) ~[mysql-connector-j-8.3.0.jar:8.3.0]
	at com.zaxxer.hikari.util.DriverDataSource.getConnection(DriverDataSource.java:138) ~[HikariCP-5.0.1.jar:na]
	at com.zaxxer.hikari.pool.PoolBase.newConnection(PoolBase.java:359) ~[HikariCP-5.0.1.jar:na]
	at com.zaxxer.hikari.pool.PoolBase.newPoolEntry(PoolBase.java:201) ~[HikariCP-5.0.1.jar:na]
	at com.zaxxer.hikari.pool.HikariPool.createPoolEntry(HikariPool.java:470) ~[HikariCP-5.0.1.jar:na]
	at com.zaxxer.hikari.pool.HikariPool.checkFailFast(HikariPool.java:561) ~[HikariCP-5.0.1.jar:na]
	at com.zaxxer.hikari.pool.HikariPool.<init>(HikariPool.java:100) ~[HikariCP-5.0.1.jar:na]
	at com.zaxxer.hikari.HikariDataSource.getConnection(HikariDataSource.java:112) ~[HikariCP-5.0.1.jar:na]
	at org.springframework.jdbc.datasource.DataSourceUtils.fetchConnection(DataSourceUtils.java:160) ~[spring-jdbc-6.1.6.jar:6.1.6]
	at org.springframework.jdbc.datasource.DataSourceUtils.doGetConnection(DataSourceUtils.java:118) ~[spring-jdbc-6.1.6.jar:6.1.6]
	at org.springframework.jdbc.datasource.DataSourceUtils.getConnection(DataSourceUtils.java:81) ~[spring-jdbc-6.1.6.jar:6.1.6]
	at org.mybatis.spring.transaction.SpringManagedTransaction.openConnection(SpringManagedTransaction.java:80) ~[mybatis-spring-3.0.3.jar:3.0.3]
	at org.mybatis.spring.transaction.SpringManagedTransaction.getConnection(SpringManagedTransaction.java:67) ~[mybatis-spring-3.0.3.jar:3.0.3]
	at org.apache.ibatis.executor.BaseExecutor.getConnection(BaseExecutor.java:348) ~[mybatis-3.5.15.jar:3.5.15]
	at org.apache.ibatis.executor.SimpleExecutor.prepareStatement(SimpleExecutor.java:89) ~[mybatis-3.5.15.jar:3.5.15]
	at org.apache.ibatis.executor.SimpleExecutor.doQuery(SimpleExecutor.java:64) ~[mybatis-3.5.15.jar:3.5.15]
	at org.apache.ibatis.executor.BaseExecutor.queryFromDatabase(BaseExecutor.java:336) ~[mybatis-3.5.15.jar:3.5.15]
	at org.apache.ibatis.executor.BaseExecutor.query(BaseExecutor.java:158) ~[mybatis-3.5.15.jar:3.5.15]
	at org.apache.ibatis.executor.CachingExecutor.query(CachingExecutor.java:110) ~[mybatis-3.5.15.jar:3.5.15]
	at org.apache.ibatis.executor.CachingExecutor.query(CachingExecutor.java:90) ~[mybatis-3.5.15.jar:3.5.15]
	at org.apache.ibatis.session.defaults.DefaultSqlSession.selectList(DefaultSqlSession.java:154) ~[mybatis-3.5.15.jar:3.5.15]
	at org.apache.ibatis.session.defaults.DefaultSqlSession.selectList(DefaultSqlSession.java:147) ~[mybatis-3.5.15.jar:3.5.15]
	at org.apache.ibatis.session.defaults.DefaultSqlSession.selectList(DefaultSqlSession.java:142) ~[mybatis-3.5.15.jar:3.5.15]
	at java.base/jdk.internal.reflect.NativeMethodAccessorImpl.invoke0(Native Method) ~[na:na]
	at java.base/jdk.internal.reflect.NativeMethodAccessorImpl.invoke(NativeMethodAccessorImpl.java:77) ~[na:na]
	at java.base/jdk.internal.reflect.DelegatingMethodAccessorImpl.invoke(DelegatingMethodAccessorImpl.java:43) ~[na:na]
	at java.base/java.lang.reflect.Method.invoke(Method.java:568) ~[na:na]
	at org.mybatis.spring.SqlSessionTemplate$SqlSessionInterceptor.invoke(SqlSessionTemplate.java:425) ~[mybatis-spring-3.0.3.jar:3.0.3]
	at jdk.proxy2/jdk.proxy2.$Proxy97.selectList(Unknown Source) ~[na:na]
	at org.mybatis.spring.SqlSessionTemplate.selectList(SqlSessionTemplate.java:224) ~[mybatis-spring-3.0.3.jar:3.0.3]
	at com.baomidou.mybatisplus.core.override.MybatisMapperMethod.executeForMany(MybatisMapperMethod.java:164) ~[mybatis-plus-core-3.5.5.jar:3.5.5]
	at com.baomidou.mybatisplus.core.override.MybatisMapperMethod.execute(MybatisMapperMethod.java:77) ~[mybatis-plus-core-3.5.5.jar:3.5.5]
	at com.baomidou.mybatisplus.core.override.MybatisMapperProxy$PlainMethodInvoker.invoke(MybatisMapperProxy.java:152) ~[mybatis-plus-core-3.5.5.jar:3.5.5]
	at com.baomidou.mybatisplus.core.override.MybatisMapperProxy.invoke(MybatisMapperProxy.java:89) ~[mybatis-plus-core-3.5.5.jar:3.5.5]
	at jdk.proxy3/jdk.proxy3.$Proxy115.selectList(Unknown Source) ~[na:na]
	at com.blog.task.WalletRankSyncTask.syncCoinRankFromDb(WalletRankSyncTask.java:40) ~[classes/:na]
	at java.base/jdk.internal.reflect.NativeMethodAccessorImpl.invoke0(Native Method) ~[na:na]
	at java.base/jdk.internal.reflect.NativeMethodAccessorImpl.invoke(NativeMethodAccessorImpl.java:77) ~[na:na]
	at java.base/jdk.internal.reflect.DelegatingMethodAccessorImpl.invoke(DelegatingMethodAccessorImpl.java:43) ~[na:na]
	at java.base/java.lang.reflect.Method.invoke(Method.java:568) ~[na:na]
	at org.springframework.scheduling.support.ScheduledMethodRunnable.runInternal(ScheduledMethodRunnable.java:130) ~[spring-context-6.1.6.jar:6.1.6]
	at org.springframework.scheduling.support.ScheduledMethodRunnable.lambda$run$2(ScheduledMethodRunnable.java:124) ~[spring-context-6.1.6.jar:6.1.6]
	at io.micrometer.observation.Observation.observe(Observation.java:499) ~[micrometer-observation-1.12.5.jar:1.12.5]
	at org.springframework.scheduling.support.ScheduledMethodRunnable.run(ScheduledMethodRunnable.java:124) ~[spring-context-6.1.6.jar:6.1.6]
	at org.springframework.scheduling.support.DelegatingErrorHandlingRunnable.run(DelegatingErrorHandlingRunnable.java:54) ~[spring-context-6.1.6.jar:6.1.6]
	at java.base/java.util.concurrent.Executors$RunnableAdapter.call(Executors.java:539) ~[na:na]
	at java.base/java.util.concurrent.FutureTask.runAndReset(FutureTask.java:305) ~[na:na]
	at java.base/java.util.concurrent.ScheduledThreadPoolExecutor$ScheduledFutureTask.run(ScheduledThreadPoolExecutor.java:305) ~[na:na]
	at java.base/java.util.concurrent.ThreadPoolExecutor.runWorker(ThreadPoolExecutor.java:1136) ~[na:na]
	at java.base/java.util.concurrent.ThreadPoolExecutor$Worker.run(ThreadPoolExecutor.java:635) ~[na:na]
	at java.base/java.lang.Thread.run(Thread.java:842) ~[na:na]

2026-03-14T11:05:35.983+08:00  WARN 13592 --- [blog-backend] [scheduling-1] com.blog.task.WalletRankSyncTask         : 同步风月币排行榜失败: null
2026-03-14T11:06:05.729+08:00  INFO 23992 --- [blog-backend] [restartedMain] com.blog.BlogApplication                 : Starting BlogApplication using Java 17.0.12 with PID 23992 (D:\workspace-cursor\blog\blog-backend\target\classes started by 一朝风月 in D:\workspace-cursor\blog)
2026-03-14T11:06:05.730+08:00 DEBUG 23992 --- [blog-backend] [restartedMain] com.blog.BlogApplication                 : Running with Spring Boot v3.2.5, Spring v6.1.6
2026-03-14T11:06:05.730+08:00  INFO 23992 --- [blog-backend] [restartedMain] com.blog.BlogApplication                 : The following 1 profile is active: "prod"
2026-03-14T11:06:05.762+08:00  INFO 23992 --- [blog-backend] [restartedMain] .e.DevToolsPropertyDefaultsPostProcessor : Devtools property defaults active! Set 'spring.devtools.add-properties' to 'false' to disable
2026-03-14T11:06:05.762+08:00  INFO 23992 --- [blog-backend] [restartedMain] .e.DevToolsPropertyDefaultsPostProcessor : For additional web related logging consider setting the 'logging.level.web' property to 'DEBUG'
2026-03-14T11:06:06.288+08:00  INFO 23992 --- [blog-backend] [restartedMain] .s.d.r.c.RepositoryConfigurationDelegate : Multiple Spring Data modules found, entering strict repository configuration mode
2026-03-14T11:06:06.289+08:00  INFO 23992 --- [blog-backend] [restartedMain] .s.d.r.c.RepositoryConfigurationDelegate : Bootstrapping Spring Data Elasticsearch repositories in DEFAULT mode.
2026-03-14T11:06:06.302+08:00  INFO 23992 --- [blog-backend] [restartedMain] .s.d.r.c.RepositoryConfigurationDelegate : Finished Spring Data repository scanning in 10 ms. Found 0 Elasticsearch repository interfaces.
2026-03-14T11:06:06.305+08:00  INFO 23992 --- [blog-backend] [restartedMain] .s.d.r.c.RepositoryConfigurationDelegate : Multiple Spring Data modules found, entering strict repository configuration mode
2026-03-14T11:06:06.306+08:00  INFO 23992 --- [blog-backend] [restartedMain] .s.d.r.c.RepositoryConfigurationDelegate : Bootstrapping Spring Data Reactive Elasticsearch repositories in DEFAULT mode.
2026-03-14T11:06:06.308+08:00  INFO 23992 --- [blog-backend] [restartedMain] .s.d.r.c.RepositoryConfigurationDelegate : Finished Spring Data repository scanning in 2 ms. Found 0 Reactive Elasticsearch repository interfaces.
2026-03-14T11:06:06.314+08:00  INFO 23992 --- [blog-backend] [restartedMain] .s.d.r.c.RepositoryConfigurationDelegate : Multiple Spring Data modules found, entering strict repository configuration mode
2026-03-14T11:06:06.315+08:00  INFO 23992 --- [blog-backend] [restartedMain] .s.d.r.c.RepositoryConfigurationDelegate : Bootstrapping Spring Data Redis repositories in DEFAULT mode.
2026-03-14T11:06:06.321+08:00  INFO 23992 --- [blog-backend] [restartedMain] .s.d.r.c.RepositoryConfigurationDelegate : Finished Spring Data repository scanning in 1 ms. Found 0 Redis repository interfaces.
2026-03-14T11:06:06.881+08:00  INFO 23992 --- [blog-backend] [restartedMain] o.s.b.w.embedded.tomcat.TomcatWebServer  : Tomcat initialized with port 8080 (http)
2026-03-14T11:06:06.888+08:00  INFO 23992 --- [blog-backend] [restartedMain] o.apache.catalina.core.StandardService   : Starting service [Tomcat]
2026-03-14T11:06:06.889+08:00  INFO 23992 --- [blog-backend] [restartedMain] o.apache.catalina.core.StandardEngine    : Starting Servlet engine: [Apache Tomcat/10.1.20]
2026-03-14T11:06:06.929+08:00  INFO 23992 --- [blog-backend] [restartedMain] o.a.c.c.C.[Tomcat].[localhost].[/api]    : Initializing Spring embedded WebApplicationContext
2026-03-14T11:06:06.929+08:00  INFO 23992 --- [blog-backend] [restartedMain] w.s.c.ServletWebServerApplicationContext : Root WebApplicationContext: initialization completed in 1167 ms
2026-03-14T11:06:07.289+08:00 DEBUG 23992 --- [blog-backend] [restartedMain] c.b.m.e.s.MybatisSqlSessionFactoryBean   : Parsed mapper file: 'file [D:\workspace-cursor\blog\blog-backend\target\classes\mapper\ArticleMapper.xml]'
2026-03-14T11:06:07.303+08:00 DEBUG 23992 --- [blog-backend] [restartedMain] c.b.m.e.s.MybatisSqlSessionFactoryBean   : Parsed mapper file: 'file [D:\workspace-cursor\blog\blog-backend\target\classes\mapper\CommentMapper.xml]'
2026-03-14T11:06:07.316+08:00 DEBUG 23992 --- [blog-backend] [restartedMain] c.b.m.e.s.MybatisSqlSessionFactoryBean   : Parsed mapper file: 'file [D:\workspace-cursor\blog\blog-backend\target\classes\mapper\PermissionMapper.xml]'
2026-03-14T11:06:07.325+08:00 DEBUG 23992 --- [blog-backend] [restartedMain] c.b.m.e.s.MybatisSqlSessionFactoryBean   : Parsed mapper file: 'file [D:\workspace-cursor\blog\blog-backend\target\classes\mapper\UserMapper.xml]'
2026-03-14T11:06:07.333+08:00 DEBUG 23992 --- [blog-backend] [restartedMain] c.b.m.e.s.MybatisSqlSessionFactoryBean   : Parsed mapper file: 'file [D:\workspace-cursor\blog\blog-backend\target\classes\mapper\UserRoleMapper.xml]'
2026-03-14T11:06:08.067+08:00  INFO 23992 --- [blog-backend] [restartedMain] o.s.b.d.a.OptionalLiveReloadServer       : LiveReload server is running on port 35729
2026-03-14T11:06:08.206+08:00  INFO 23992 --- [blog-backend] [restartedMain] o.s.b.w.embedded.tomcat.TomcatWebServer  : Tomcat started on port 8080 (http) with context path '/api'
2026-03-14T11:06:08.213+08:00  INFO 23992 --- [blog-backend] [restartedMain] com.blog.BlogApplication                 : Started BlogApplication in 2.738 seconds (process running for 3.161)
2026-03-14T11:06:08.216+08:00 DEBUG 23992 --- [blog-backend] [restartedMain] c.b.m.a.DdlApplicationRunner             :   ...  DDL start create  ...  
2026-03-14T11:06:08.216+08:00 DEBUG 23992 --- [blog-backend] [restartedMain] c.b.m.a.DdlApplicationRunner             :   ...  DDL end create  ...  
2026-03-14T11:06:08.258+08:00  INFO 23992 --- [blog-backend] [scheduling-1] com.zaxxer.hikari.HikariDataSource       : HikariPool-1 - Starting...
2026-03-14T11:06:08.945+08:00  INFO 23992 --- [blog-backend] [scheduling-1] com.zaxxer.hikari.pool.HikariPool        : HikariPool-1 - Added connection com.mysql.cj.jdbc.ConnectionImpl@20745c9a
2026-03-14T11:06:08.947+08:00  INFO 23992 --- [blog-backend] [scheduling-1] com.zaxxer.hikari.HikariDataSource       : HikariPool-1 - Start completed.
2026-03-14T11:06:15.212+08:00  INFO 23992 --- [blog-backend] [SpringApplicationShutdownHook] com.zaxxer.hikari.HikariDataSource       : HikariPool-1 - Shutdown initiated...
2026-03-14T11:06:15.218+08:00  INFO 23992 --- [blog-backend] [SpringApplicationShutdownHook] com.zaxxer.hikari.HikariDataSource       : HikariPool-1 - Shutdown completed.
2026-03-14T11:08:50.667+08:00  INFO 21348 --- [blog-backend] [main] com.blog.BlogApplication                 : Starting BlogApplication using Java 17.0.12 with PID 21348 (D:\workspace-cursor\blog\blog-backend\target\classes started by 一朝风月 in D:\workspace-cursor\blog)
2026-03-14T11:08:50.668+08:00 DEBUG 21348 --- [blog-backend] [main] com.blog.BlogApplication                 : Running with Spring Boot v3.2.5, Spring v6.1.6
2026-03-14T11:08:50.669+08:00  INFO 21348 --- [blog-backend] [main] com.blog.BlogApplication                 : The following 1 profile is active: "prod"
2026-03-14T11:08:52.831+08:00  INFO 21348 --- [blog-backend] [main] .s.d.r.c.RepositoryConfigurationDelegate : Multiple Spring Data modules found, entering strict repository configuration mode
2026-03-14T11:08:52.834+08:00  INFO 21348 --- [blog-backend] [main] .s.d.r.c.RepositoryConfigurationDelegate : Bootstrapping Spring Data Elasticsearch repositories in DEFAULT mode.
2026-03-14T11:08:52.850+08:00  INFO 21348 --- [blog-backend] [main] .s.d.r.c.RepositoryConfigurationDelegate : Finished Spring Data repository scanning in 13 ms. Found 0 Elasticsearch repository interfaces.
2026-03-14T11:08:52.853+08:00  INFO 21348 --- [blog-backend] [main] .s.d.r.c.RepositoryConfigurationDelegate : Multiple Spring Data modules found, entering strict repository configuration mode
2026-03-14T11:08:52.854+08:00  INFO 21348 --- [blog-backend] [main] .s.d.r.c.RepositoryConfigurationDelegate : Bootstrapping Spring Data Reactive Elasticsearch repositories in DEFAULT mode.
2026-03-14T11:08:52.857+08:00  INFO 21348 --- [blog-backend] [main] .s.d.r.c.RepositoryConfigurationDelegate : Finished Spring Data repository scanning in 3 ms. Found 0 Reactive Elasticsearch repository interfaces.
2026-03-14T11:08:52.883+08:00  INFO 21348 --- [blog-backend] [main] .s.d.r.c.RepositoryConfigurationDelegate : Multiple Spring Data modules found, entering strict repository configuration mode
2026-03-14T11:08:52.884+08:00  INFO 21348 --- [blog-backend] [main] .s.d.r.c.RepositoryConfigurationDelegate : Bootstrapping Spring Data Redis repositories in DEFAULT mode.
2026-03-14T11:08:52.893+08:00  INFO 21348 --- [blog-backend] [main] .s.d.r.c.RepositoryConfigurationDelegate : Finished Spring Data repository scanning in 2 ms. Found 0 Redis repository interfaces.
2026-03-14T11:08:54.005+08:00  INFO 21348 --- [blog-backend] [main] o.s.b.w.embedded.tomcat.TomcatWebServer  : Tomcat initialized with port 8080 (http)
2026-03-14T11:08:54.014+08:00  INFO 21348 --- [blog-backend] [main] o.apache.catalina.core.StandardService   : Starting service [Tomcat]
2026-03-14T11:08:54.014+08:00  INFO 21348 --- [blog-backend] [main] o.apache.catalina.core.StandardEngine    : Starting Servlet engine: [Apache Tomcat/10.1.20]
2026-03-14T11:08:54.079+08:00  INFO 21348 --- [blog-backend] [main] o.a.c.c.C.[Tomcat].[localhost].[/api]    : Initializing Spring embedded WebApplicationContext
2026-03-14T11:08:54.080+08:00  INFO 21348 --- [blog-backend] [main] w.s.c.ServletWebServerApplicationContext : Root WebApplicationContext: initialization completed in 3310 ms
2026-03-14T11:08:54.936+08:00 DEBUG 21348 --- [blog-backend] [main] c.b.m.e.s.MybatisSqlSessionFactoryBean   : Parsed mapper file: 'file [D:\workspace-cursor\blog\blog-backend\target\classes\mapper\ArticleMapper.xml]'
2026-03-14T11:08:54.959+08:00 DEBUG 21348 --- [blog-backend] [main] c.b.m.e.s.MybatisSqlSessionFactoryBean   : Parsed mapper file: 'file [D:\workspace-cursor\blog\blog-backend\target\classes\mapper\CommentMapper.xml]'
2026-03-14T11:08:54.972+08:00 DEBUG 21348 --- [blog-backend] [main] c.b.m.e.s.MybatisSqlSessionFactoryBean   : Parsed mapper file: 'file [D:\workspace-cursor\blog\blog-backend\target\classes\mapper\PermissionMapper.xml]'
2026-03-14T11:08:54.984+08:00 DEBUG 21348 --- [blog-backend] [main] c.b.m.e.s.MybatisSqlSessionFactoryBean   : Parsed mapper file: 'file [D:\workspace-cursor\blog\blog-backend\target\classes\mapper\UserMapper.xml]'
2026-03-14T11:08:54.996+08:00 DEBUG 21348 --- [blog-backend] [main] c.b.m.e.s.MybatisSqlSessionFactoryBean   : Parsed mapper file: 'file [D:\workspace-cursor\blog\blog-backend\target\classes\mapper\UserRoleMapper.xml]'
2026-03-14T11:08:56.756+08:00  INFO 21348 --- [blog-backend] [main] o.s.b.w.embedded.tomcat.TomcatWebServer  : Tomcat started on port 8080 (http) with context path '/api'
2026-03-14T11:08:56.764+08:00  INFO 21348 --- [blog-backend] [main] com.blog.BlogApplication                 : Started BlogApplication in 6.613 seconds (process running for 7.768)
2026-03-14T11:08:56.777+08:00 DEBUG 21348 --- [blog-backend] [main] c.b.m.a.DdlApplicationRunner             :   ...  DDL start create  ...  
2026-03-14T11:08:56.777+08:00 DEBUG 21348 --- [blog-backend] [main] c.b.m.a.DdlApplicationRunner             :   ...  DDL end create  ...  
2026-03-14T11:08:56.839+08:00  INFO 21348 --- [blog-backend] [scheduling-1] com.zaxxer.hikari.HikariDataSource       : HikariPool-1 - Starting...
2026-03-14T11:08:57.205+08:00  INFO 21348 --- [blog-backend] [scheduling-1] com.zaxxer.hikari.pool.HikariPool        : HikariPool-1 - Added connection com.mysql.cj.jdbc.ConnectionImpl@77d6a5ca
2026-03-14T11:08:57.207+08:00  INFO 21348 --- [blog-backend] [scheduling-1] com.zaxxer.hikari.HikariDataSource       : HikariPool-1 - Start completed.
2026-03-14T11:14:11.646+08:00  INFO 23708 --- [blog-backend] [main] com.blog.BlogApplication                 : Starting BlogApplication v1.0.0-SNAPSHOT using Java 17.0.12 with PID 23708 (D:\workspace-cursor\blog\blog-backend\target\blog-backend-1.0.0-SNAPSHOT.jar started by 一朝风月 in D:\workspace-cursor\blog)
2026-03-14T11:14:11.699+08:00 DEBUG 23708 --- [blog-backend] [main] com.blog.BlogApplication                 : Running with Spring Boot v3.2.5, Spring v6.1.6
2026-03-14T11:14:11.700+08:00  INFO 23708 --- [blog-backend] [main] com.blog.BlogApplication                 : The following 1 profile is active: "prod"
2026-03-14T11:14:12.825+08:00  INFO 23708 --- [blog-backend] [main] .s.d.r.c.RepositoryConfigurationDelegate : Multiple Spring Data modules found, entering strict repository configuration mode
2026-03-14T11:14:12.827+08:00  INFO 23708 --- [blog-backend] [main] .s.d.r.c.RepositoryConfigurationDelegate : Bootstrapping Spring Data Elasticsearch repositories in DEFAULT mode.
2026-03-14T11:14:12.847+08:00  INFO 23708 --- [blog-backend] [main] .s.d.r.c.RepositoryConfigurationDelegate : Finished Spring Data repository scanning in 15 ms. Found 0 Elasticsearch repository interfaces.
2026-03-14T11:14:12.853+08:00  INFO 23708 --- [blog-backend] [main] .s.d.r.c.RepositoryConfigurationDelegate : Multiple Spring Data modules found, entering strict repository configuration mode
2026-03-14T11:14:12.854+08:00  INFO 23708 --- [blog-backend] [main] .s.d.r.c.RepositoryConfigurationDelegate : Bootstrapping Spring Data Reactive Elasticsearch repositories in DEFAULT mode.
2026-03-14T11:14:12.857+08:00  INFO 23708 --- [blog-backend] [main] .s.d.r.c.RepositoryConfigurationDelegate : Finished Spring Data repository scanning in 2 ms. Found 0 Reactive Elasticsearch repository interfaces.
2026-03-14T11:14:12.867+08:00  INFO 23708 --- [blog-backend] [main] .s.d.r.c.RepositoryConfigurationDelegate : Multiple Spring Data modules found, entering strict repository configuration mode
2026-03-14T11:14:12.868+08:00  INFO 23708 --- [blog-backend] [main] .s.d.r.c.RepositoryConfigurationDelegate : Bootstrapping Spring Data Redis repositories in DEFAULT mode.
2026-03-14T11:14:12.879+08:00  INFO 23708 --- [blog-backend] [main] .s.d.r.c.RepositoryConfigurationDelegate : Finished Spring Data repository scanning in 2 ms. Found 0 Redis repository interfaces.
2026-03-14T11:14:13.790+08:00  INFO 23708 --- [blog-backend] [main] o.s.b.w.embedded.tomcat.TomcatWebServer  : Tomcat initialized with port 8081 (http)
2026-03-14T11:14:13.807+08:00  INFO 23708 --- [blog-backend] [main] o.apache.catalina.core.StandardService   : Starting service [Tomcat]
2026-03-14T11:14:13.807+08:00  INFO 23708 --- [blog-backend] [main] o.apache.catalina.core.StandardEngine    : Starting Servlet engine: [Apache Tomcat/10.1.20]
2026-03-14T11:14:13.878+08:00  INFO 23708 --- [blog-backend] [main] o.a.c.c.C.[Tomcat].[localhost].[/api]    : Initializing Spring embedded WebApplicationContext
2026-03-14T11:14:13.879+08:00  INFO 23708 --- [blog-backend] [main] w.s.c.ServletWebServerApplicationContext : Root WebApplicationContext: initialization completed in 2030 ms
2026-03-14T11:14:15.218+08:00 DEBUG 23708 --- [blog-backend] [main] c.b.m.e.s.MybatisSqlSessionFactoryBean   : Parsed mapper file: 'URL [jar:nested:/D:/workspace-cursor/blog/blog-backend/target/blog-backend-1.0.0-SNAPSHOT.jar/!BOOT-INF/classes/!/mapper/ArticleMapper.xml]'
2026-03-14T11:14:15.258+08:00 DEBUG 23708 --- [blog-backend] [main] c.b.m.e.s.MybatisSqlSessionFactoryBean   : Parsed mapper file: 'URL [jar:nested:/D:/workspace-cursor/blog/blog-backend/target/blog-backend-1.0.0-SNAPSHOT.jar/!BOOT-INF/classes/!/mapper/CommentMapper.xml]'
2026-03-14T11:14:15.295+08:00 DEBUG 23708 --- [blog-backend] [main] c.b.m.e.s.MybatisSqlSessionFactoryBean   : Parsed mapper file: 'URL [jar:nested:/D:/workspace-cursor/blog/blog-backend/target/blog-backend-1.0.0-SNAPSHOT.jar/!BOOT-INF/classes/!/mapper/PermissionMapper.xml]'
2026-03-14T11:14:15.332+08:00 DEBUG 23708 --- [blog-backend] [main] c.b.m.e.s.MybatisSqlSessionFactoryBean   : Parsed mapper file: 'URL [jar:nested:/D:/workspace-cursor/blog/blog-backend/target/blog-backend-1.0.0-SNAPSHOT.jar/!BOOT-INF/classes/!/mapper/UserMapper.xml]'
2026-03-14T11:14:15.366+08:00 DEBUG 23708 --- [blog-backend] [main] c.b.m.e.s.MybatisSqlSessionFactoryBean   : Parsed mapper file: 'URL [jar:nested:/D:/workspace-cursor/blog/blog-backend/target/blog-backend-1.0.0-SNAPSHOT.jar/!BOOT-INF/classes/!/mapper/UserRoleMapper.xml]'
2026-03-14T11:14:17.977+08:00  INFO 23708 --- [blog-backend] [main] o.s.b.w.embedded.tomcat.TomcatWebServer  : Tomcat started on port 8081 (http) with context path '/api'
2026-03-14T11:14:17.996+08:00  INFO 23708 --- [blog-backend] [main] com.blog.BlogApplication                 : Started BlogApplication in 7.067 seconds (process running for 7.921)
2026-03-14T11:14:18.005+08:00 DEBUG 23708 --- [blog-backend] [main] c.b.m.a.DdlApplicationRunner             :   ...  DDL start create  ...  
2026-03-14T11:14:18.007+08:00 DEBUG 23708 --- [blog-backend] [main] c.b.m.a.DdlApplicationRunner             :   ...  DDL end create  ...  
2026-03-14T11:14:18.072+08:00  INFO 23708 --- [blog-backend] [scheduling-1] com.zaxxer.hikari.HikariDataSource       : HikariPool-1 - Starting...
2026-03-14T11:14:18.491+08:00  INFO 23708 --- [blog-backend] [scheduling-1] com.zaxxer.hikari.pool.HikariPool        : HikariPool-1 - Added connection com.mysql.cj.jdbc.ConnectionImpl@369f592c
2026-03-14T11:14:18.492+08:00  INFO 23708 --- [blog-backend] [scheduling-1] com.zaxxer.hikari.HikariDataSource       : HikariPool-1 - Start completed.
2026-03-14T11:15:40.063+08:00  INFO 23708 --- [blog-backend] [http-nio-8081-exec-1] o.a.c.c.C.[Tomcat].[localhost].[/api]    : Initializing Spring DispatcherServlet 'dispatcherServlet'
2026-03-14T11:15:40.063+08:00  INFO 23708 --- [blog-backend] [http-nio-8081-exec-1] o.s.web.servlet.DispatcherServlet        : Initializing Servlet 'dispatcherServlet'
2026-03-14T11:15:40.064+08:00  INFO 23708 --- [blog-backend] [http-nio-8081-exec-1] o.s.web.servlet.DispatcherServlet        : Completed initialization in 1 ms
2026-03-14T11:16:18.197+08:00  INFO 23708 --- [blog-backend] [SpringApplicationShutdownHook] com.zaxxer.hikari.HikariDataSource       : HikariPool-1 - Shutdown initiated...
2026-03-14T11:16:37.567+08:00  INFO 6720 --- [blog-backend] [main] com.blog.BlogApplication                 : Starting BlogApplication v1.0.0-SNAPSHOT using Java 17.0.12 with PID 6720 (D:\workspace-cursor\blog\blog-backend\target\blog-backend-1.0.0-SNAPSHOT.jar started by 一朝风月 in D:\workspace-cursor\blog)
2026-03-14T11:16:37.570+08:00 DEBUG 6720 --- [blog-backend] [main] com.blog.BlogApplication                 : Running with Spring Boot v3.2.5, Spring v6.1.6
2026-03-14T11:16:37.571+08:00  INFO 6720 --- [blog-backend] [main] com.blog.BlogApplication                 : The following 1 profile is active: "prod"
2026-03-14T11:16:38.822+08:00  INFO 6720 --- [blog-backend] [main] .s.d.r.c.RepositoryConfigurationDelegate : Multiple Spring Data modules found, entering strict repository configuration mode
2026-03-14T11:16:38.825+08:00  INFO 6720 --- [blog-backend] [main] .s.d.r.c.RepositoryConfigurationDelegate : Bootstrapping Spring Data Elasticsearch repositories in DEFAULT mode.
2026-03-14T11:16:38.845+08:00  INFO 6720 --- [blog-backend] [main] .s.d.r.c.RepositoryConfigurationDelegate : Finished Spring Data repository scanning in 14 ms. Found 0 Elasticsearch repository interfaces.
2026-03-14T11:16:38.850+08:00  INFO 6720 --- [blog-backend] [main] .s.d.r.c.RepositoryConfigurationDelegate : Multiple Spring Data modules found, entering strict repository configuration mode
2026-03-14T11:16:38.851+08:00  INFO 6720 --- [blog-backend] [main] .s.d.r.c.RepositoryConfigurationDelegate : Bootstrapping Spring Data Reactive Elasticsearch repositories in DEFAULT mode.
2026-03-14T11:16:38.856+08:00  INFO 6720 --- [blog-backend] [main] .s.d.r.c.RepositoryConfigurationDelegate : Finished Spring Data repository scanning in 5 ms. Found 0 Reactive Elasticsearch repository interfaces.
2026-03-14T11:16:38.872+08:00  INFO 6720 --- [blog-backend] [main] .s.d.r.c.RepositoryConfigurationDelegate : Multiple Spring Data modules found, entering strict repository configuration mode
2026-03-14T11:16:38.874+08:00  INFO 6720 --- [blog-backend] [main] .s.d.r.c.RepositoryConfigurationDelegate : Bootstrapping Spring Data Redis repositories in DEFAULT mode.
2026-03-14T11:16:38.885+08:00  INFO 6720 --- [blog-backend] [main] .s.d.r.c.RepositoryConfigurationDelegate : Finished Spring Data repository scanning in 2 ms. Found 0 Redis repository interfaces.
2026-03-14T11:16:39.885+08:00  INFO 6720 --- [blog-backend] [main] o.s.b.w.embedded.tomcat.TomcatWebServer  : Tomcat initialized with port 8081 (http)
2026-03-14T11:16:39.905+08:00  INFO 6720 --- [blog-backend] [main] o.apache.catalina.core.StandardService   : Starting service [Tomcat]
2026-03-14T11:16:39.906+08:00  INFO 6720 --- [blog-backend] [main] o.apache.catalina.core.StandardEngine    : Starting Servlet engine: [Apache Tomcat/10.1.20]
2026-03-14T11:16:39.980+08:00  INFO 6720 --- [blog-backend] [main] o.a.c.c.C.[Tomcat].[localhost].[/api]    : Initializing Spring embedded WebApplicationContext
2026-03-14T11:16:39.980+08:00  INFO 6720 --- [blog-backend] [main] w.s.c.ServletWebServerApplicationContext : Root WebApplicationContext: initialization completed in 2328 ms
2026-03-14T11:16:41.016+08:00 DEBUG 6720 --- [blog-backend] [main] c.b.m.e.s.MybatisSqlSessionFactoryBean   : Parsed mapper file: 'URL [jar:nested:/D:/workspace-cursor/blog/blog-backend/target/blog-backend-1.0.0-SNAPSHOT.jar/!BOOT-INF/classes/!/mapper/ArticleMapper.xml]'
2026-03-14T11:16:41.061+08:00 DEBUG 6720 --- [blog-backend] [main] c.b.m.e.s.MybatisSqlSessionFactoryBean   : Parsed mapper file: 'URL [jar:nested:/D:/workspace-cursor/blog/blog-backend/target/blog-backend-1.0.0-SNAPSHOT.jar/!BOOT-INF/classes/!/mapper/CommentMapper.xml]'
2026-03-14T11:16:41.095+08:00 DEBUG 6720 --- [blog-backend] [main] c.b.m.e.s.MybatisSqlSessionFactoryBean   : Parsed mapper file: 'URL [jar:nested:/D:/workspace-cursor/blog/blog-backend/target/blog-backend-1.0.0-SNAPSHOT.jar/!BOOT-INF/classes/!/mapper/PermissionMapper.xml]'
2026-03-14T11:16:41.119+08:00 DEBUG 6720 --- [blog-backend] [main] c.b.m.e.s.MybatisSqlSessionFactoryBean   : Parsed mapper file: 'URL [jar:nested:/D:/workspace-cursor/blog/blog-backend/target/blog-backend-1.0.0-SNAPSHOT.jar/!BOOT-INF/classes/!/mapper/UserMapper.xml]'
2026-03-14T11:16:41.146+08:00 DEBUG 6720 --- [blog-backend] [main] c.b.m.e.s.MybatisSqlSessionFactoryBean   : Parsed mapper file: 'URL [jar:nested:/D:/workspace-cursor/blog/blog-backend/target/blog-backend-1.0.0-SNAPSHOT.jar/!BOOT-INF/classes/!/mapper/UserRoleMapper.xml]'
2026-03-14T11:16:43.758+08:00  INFO 6720 --- [blog-backend] [main] o.s.b.w.embedded.tomcat.TomcatWebServer  : Tomcat started on port 8081 (http) with context path '/api'
2026-03-14T11:16:43.775+08:00  INFO 6720 --- [blog-backend] [main] com.blog.BlogApplication                 : Started BlogApplication in 6.795 seconds (process running for 7.325)
2026-03-14T11:16:43.783+08:00 DEBUG 6720 --- [blog-backend] [main] c.b.m.a.DdlApplicationRunner             :   ...  DDL start create  ...  
2026-03-14T11:16:43.784+08:00 DEBUG 6720 --- [blog-backend] [main] c.b.m.a.DdlApplicationRunner             :   ...  DDL end create  ...  
2026-03-14T11:16:43.840+08:00  INFO 6720 --- [blog-backend] [scheduling-1] com.zaxxer.hikari.HikariDataSource       : HikariPool-1 - Starting...
